[    0.000000] Initializing cgroup subsys cpuset
[    0.000000] Initializing cgroup subsys cpu
[    0.000000] Initializing cgroup subsys cpuacct
[    0.000000] Linux version 4.4.0-78-generic (buildd@lgw01-11) (gcc version 5.4.0 20160609 (Ubuntu 5.4.0-6ubuntu1~16.04.4) ) #99-Ubuntu SMP Thu Apr 27 15:29:09 UTC 2017 (Ubuntu 4.4.0-78.99-generic 4.4.62)
[    0.000000] Command line: BOOT_IMAGE=/boot/vmlinuz-4.4.0-78-generic root=LABEL=cloudimg-rootfs ro console=tty1 console=ttyS0
[    0.000000] KERNEL supported cpus:
[    0.000000]   Intel GenuineIntel
[    0.000000]   AMD AuthenticAMD
[    0.000000]   Centaur CentaurHauls
[    0.000000] ------------[ cut here ]------------
[    0.000000] WARNING: CPU: 0 PID: 0 at /build/linux-0XAgc4/linux-4.4.0/arch/x86/kernel/fpu/xstate.c:517 fpu__init_system_xstate+0x38b/0x75a()
[    0.000000] XSAVE consistency problem, dumping leaves
[    0.000000] Modules linked in:
[    0.000000] CPU: 0 PID: 0 Comm: swapper Not tainted 4.4.0-78-generic #99-Ubuntu
[    0.000000]  0000000000000086 c05746c5d15e9544 ffffffff81e03d80 ffffffff813f8dd3
[    0.000000]  ffffffff81e03dc8 ffffffff81ca9c50 ffffffff81e03db8 ffffffff81081302
[    0.000000]  ffffffff81e03e48 ffffffff81e03e4c 0000000000000008 0000000000000100
[    0.000000] Call Trace:
[    0.000000]  [<ffffffff813f8dd3>] dump_stack+0x63/0x90
[    0.000000]  [<ffffffff81081302>] warn_slowpath_common+0x82/0xc0
[    0.000000]  [<ffffffff8108139c>] warn_slowpath_fmt+0x5c/0x80
[    0.000000]  [<ffffffff8107cfd0>] ? xfeature_size+0x59/0x77
[    0.000000]  [<ffffffff81f6d218>] fpu__init_system_xstate+0x38b/0x75a
[    0.000000]  [<ffffffff81f5d120>] ? early_idt_handler_array+0x120/0x120
[    0.000000]  [<ffffffff81f6cb83>] fpu__init_system+0x10d/0x245
[    0.000000]  [<ffffffff81f6dc8c>] early_cpu_init+0x139/0x13e
[    0.000000]  [<ffffffff81f6dc8c>] ? early_cpu_init+0x139/0x13e
[    0.000000]  [<ffffffff81f69193>] setup_arch+0xb4/0xcf1
[    0.000000]  [<ffffffff81f5d120>] ? early_idt_handler_array+0x120/0x120
[    0.000000]  [<ffffffff81f5dc74>] start_kernel+0xe4/0x4a2
[    0.000000]  [<ffffffff81f5d120>] ? early_idt_handler_array+0x120/0x120
[    0.000000]  [<ffffffff81f5d339>] x86_64_start_reservations+0x2a/0x2c
[    0.000000]  [<ffffffff81f5d485>] x86_64_start_kernel+0x14a/0x16d
[    0.000000] ---[ end trace 4d5ff9f2f68c4233 ]---
[    0.000000] CPUID[0d, 00]: eax=00000007 ebx=00000440 ecx=00000440 edx=00000000
[    0.000000] CPUID[0d, 01]: eax=00000000 ebx=000003c0 ecx=00000000 edx=00000000
[    0.000000] CPUID[0d, 02]: eax=00000100 ebx=00000240 ecx=00000000 edx=00000000
[    0.000000] CPUID[0d, 03]: eax=00000000 ebx=00000000 ecx=00000000 edx=00000000
[    0.000000] CPUID[0d, 04]: eax=00000000 ebx=00000000 ecx=00000000 edx=00000000
[    0.000000] CPUID[0d, 05]: eax=00000000 ebx=00000000 ecx=00000000 edx=00000000
[    0.000000] CPUID[0d, 06]: eax=00000000 ebx=00000000 ecx=00000000 edx=00000000
[    0.000000] CPUID[0d, 07]: eax=00000000 ebx=00000000 ecx=00000000 edx=00000000
[    0.000000] CPUID[0d, 08]: eax=00000000 ebx=00000000 ecx=00000000 edx=00000000
[    0.000000] CPUID[0d, 09]: eax=00000000 ebx=00000000 ecx=00000000 edx=00000000
[    0.000000] CPUID[0d, 0a]: eax=00000000 ebx=00000000 ecx=00000000 edx=00000000
[    0.000000] CPUID[0d, 0b]: eax=00000000 ebx=00000000 ecx=00000000 edx=00000000
[    0.000000] CPUID[0d, 0c]: eax=00000000 ebx=00000000 ecx=00000000 edx=00000000
[    0.000000] CPUID[0d, 0d]: eax=00000000 ebx=00000000 ecx=00000000 edx=00000000
[    0.000000] CPUID[0d, 0e]: eax=00000000 ebx=00000000 ecx=00000000 edx=00000000
[    0.000000] CPUID[0d, 0f]: eax=00000000 ebx=00000000 ecx=00000000 edx=00000000
[    0.000000] CPUID[0d, 10]: eax=00000000 ebx=00000000 ecx=00000000 edx=00000000
[    0.000000] CPUID[0d, 11]: eax=00000000 ebx=00000000 ecx=00000000 edx=00000000
[    0.000000] x86/fpu: xstate_offset[2]:  576, xstate_sizes[2]:  256
[    0.000000] x86/fpu: Supporting XSAVE feature 0x01: 'x87 floating point registers'
[    0.000000] x86/fpu: Supporting XSAVE feature 0x02: 'SSE registers'
[    0.000000] x86/fpu: Supporting XSAVE feature 0x04: 'AVX registers'
[    0.000000] x86/fpu: Enabled xstate features 0x7, context size is 1088 bytes, using 'standard' format.
[    0.000000] x86/fpu: Using 'lazy' FPU context switches.
[    0.000000] e820: BIOS-provided physical RAM map:
[    0.000000] BIOS-e820: [mem 0x0000000000000000-0x000000000009fbff] usable
[    0.000000] BIOS-e820: [mem 0x000000000009fc00-0x000000000009ffff] reserved
[    0.000000] BIOS-e820: [mem 0x00000000000f0000-0x00000000000fffff] reserved
[    0.000000] BIOS-e820: [mem 0x0000000000100000-0x000000003ffeffff] usable
[    0.000000] BIOS-e820: [mem 0x000000003fff0000-0x000000003fffffff] ACPI data
[    0.000000] BIOS-e820: [mem 0x00000000fec00000-0x00000000fec00fff] reserved
[    0.000000] BIOS-e820: [mem 0x00000000fee00000-0x00000000fee00fff] reserved
[    0.000000] BIOS-e820: [mem 0x00000000fffc0000-0x00000000ffffffff] reserved
[    0.000000] NX (Execute Disable) protection: active
[    0.000000] SMBIOS 2.5 present.
[    0.000000] Hypervisor detected: KVM
[    0.000000] e820: last_pfn = 0x3fff0 max_arch_pfn = 0x400000000
[    0.000000] MTRR: Disabled
[    0.000000] x86/PAT: MTRRs disabled, skipping PAT initialization too.
[    0.000000] x86/PAT: Configuration [0-7]: WB  WT  UC- UC  WB  WT  UC- UC  
[    0.000000] CPU MTRRs all blank - virtualized system.
[    0.000000] found SMP MP-table at [mem 0x0009fff0-0x0009ffff] mapped at [ffff88000009fff0]
[    0.000000] Scanning 1 areas for low memory corruption
[    0.000000] RAMDISK: [mem 0x36ac2000-0x37558fff]
[    0.000000] ACPI: Early table checksum verification disabled
[    0.000000] ACPI: RSDP 0x00000000000E0000 000024 (v02 VBOX  )
[    0.000000] ACPI: XSDT 0x000000003FFF0030 00003C (v01 VBOX   VBOXXSDT 00000001 ASL  00000061)
[    0.000000] ACPI: FACP 0x000000003FFF00F0 0000F4 (v04 VBOX   VBOXFACP 00000001 ASL  00000061)
[    0.000000] ACPI: DSDT 0x000000003FFF0470 0021C8 (v02 VBOX   VBOXBIOS 00000002 INTL 20170224)
[    0.000000] ACPI: FACS 0x000000003FFF0200 000040
[    0.000000] ACPI: FACS 0x000000003FFF0200 000040
[    0.000000] ACPI: APIC 0x000000003FFF0240 00005C (v02 VBOX   VBOXAPIC 00000001 ASL  00000061)
[    0.000000] ACPI: SSDT 0x000000003FFF02A0 0001CC (v01 VBOX   VBOXCPUT 00000002 INTL 20170224)
[    0.000000] No NUMA configuration found
[    0.000000] Faking a node at [mem 0x0000000000000000-0x000000003ffeffff]
[    0.000000] NODE_DATA(0) allocated [mem 0x3ffeb000-0x3ffeffff]
[    0.000000] kvm-clock: Using msrs 4b564d01 and 4b564d00
[    0.000000] kvm-clock: cpu 0, msr 0:3ffe3001, primary cpu clock
[    0.000000] kvm-clock: using sched offset of 3502897325 cycles
[    0.000000] clocksource: kvm-clock: mask: 0xffffffffffffffff max_cycles: 0x1cd42e4dffb, max_idle_ns: 881590591483 ns
[    0.000000] Zone ranges:
[    0.000000]   DMA      [mem 0x0000000000001000-0x0000000000ffffff]
[    0.000000]   DMA32    [mem 0x0000000001000000-0x000000003ffeffff]
[    0.000000]   Normal   empty
[    0.000000]   Device   empty
[    0.000000] Movable zone start for each node
[    0.000000] Early memory node ranges
[    0.000000]   node   0: [mem 0x0000000000001000-0x000000000009efff]
[    0.000000]   node   0: [mem 0x0000000000100000-0x000000003ffeffff]
[    0.000000] Initmem setup node 0 [mem 0x0000000000001000-0x000000003ffeffff]
[    0.000000] ACPI: PM-Timer IO Port: 0x4008
[    0.000000] IOAPIC[0]: apic_id 2, version 32, address 0xfec00000, GSI 0-23
[    0.000000] ACPI: INT_SRC_OVR (bus 0 bus_irq 0 global_irq 2 dfl dfl)
[    0.000000] ACPI: INT_SRC_OVR (bus 0 bus_irq 9 global_irq 9 high level)
[    0.000000] Using ACPI (MADT) for SMP configuration information
[    0.000000] smpboot: Allowing 2 CPUs, 0 hotplug CPUs
[    0.000000] PM: Registered nosave memory: [mem 0x00000000-0x00000fff]
[    0.000000] PM: Registered nosave memory: [mem 0x0009f000-0x0009ffff]
[    0.000000] PM: Registered nosave memory: [mem 0x000a0000-0x000effff]
[    0.000000] PM: Registered nosave memory: [mem 0x000f0000-0x000fffff]
[    0.000000] e820: [mem 0x40000000-0xfebfffff] available for PCI devices
[    0.000000] Booting paravirtualized kernel on KVM
[    0.000000] clocksource: refined-jiffies: mask: 0xffffffff max_cycles: 0xffffffff, max_idle_ns: 7645519600211568 ns
[    0.000000] setup_percpu: NR_CPUS:512 nr_cpumask_bits:512 nr_cpu_ids:2 nr_node_ids:1
[    0.000000] PERCPU: Embedded 33 pages/cpu @ffff88003fc00000 s98264 r8192 d28712 u1048576
[    0.000000] PV qspinlock hash table entries: 256 (order: 0, 4096 bytes)
[    0.000000] Built 1 zonelists in Node order, mobility grouping on.  Total pages: 257913
[    0.000000] Policy zone: DMA32
[    0.000000] Kernel command line: BOOT_IMAGE=/boot/vmlinuz-4.4.0-78-generic root=LABEL=cloudimg-rootfs ro console=tty1 console=ttyS0
[    0.000000] PID hash table entries: 4096 (order: 3, 32768 bytes)
[    0.000000] Memory: 1001736K/1048120K available (8469K kernel code, 1294K rwdata, 3984K rodata, 1484K init, 1316K bss, 46384K reserved, 0K cma-reserved)
[    0.000000] SLUB: HWalign=64, Order=0-3, MinObjects=0, CPUs=2, Nodes=1
[    0.000000] Hierarchical RCU implementation.
[    0.000000] 	Build-time adjustment of leaf fanout to 64.
[    0.000000] 	RCU restricting CPUs from NR_CPUS=512 to nr_cpu_ids=2.
[    0.000000] RCU: Adjusting geometry for rcu_fanout_leaf=64, nr_cpu_ids=2
[    0.000000] NR_IRQS:33024 nr_irqs:440 16
[    0.000000] Console: colour VGA+ 80x25
[    0.000000] console [tty1] enabled
[    0.000000] console [ttyS0] enabled
[    0.000000] tsc: Detected 2399.998 MHz processor
[    1.676449] Calibrating delay loop (skipped) preset value.. 4799.99 BogoMIPS (lpj=9599992)
[    1.692292] pid_max: default: 32768 minimum: 301
[    1.693234] ACPI: Core revision 20150930
[    1.695129] ACPI: 2 ACPI AML tables successfully acquired and loaded
[    1.718841] Security Framework initialized
[    1.726607] Yama: becoming mindful.
[    1.727362] AppArmor: AppArmor initialized
[    1.746019] Dentry cache hash table entries: 131072 (order: 8, 1048576 bytes)
[    1.758320] Inode-cache hash table entries: 65536 (order: 7, 524288 bytes)
[    1.767307] Mount-cache hash table entries: 2048 (order: 2, 16384 bytes)
[    1.771997] Mountpoint-cache hash table entries: 2048 (order: 2, 16384 bytes)
[    1.778907] Initializing cgroup subsys io
[    1.819584] Initializing cgroup subsys memory
[    1.825963] Initializing cgroup subsys devices
[    1.826962] Initializing cgroup subsys freezer
[    1.827821] Initializing cgroup subsys net_cls
[    1.828750] Initializing cgroup subsys perf_event
[    1.829597] Initializing cgroup subsys net_prio
[    1.847891] Initializing cgroup subsys hugetlb
[    1.848774] Initializing cgroup subsys pids
[    1.849679] CPU: Physical Processor ID: 0
[    1.850512] CPU: Processor Core ID: 0
[    1.852491] mce: CPU supports 0 MCE banks
[    1.853328] Last level iTLB entries: 4KB 64, 2MB 8, 4MB 8
[    1.854401] Last level dTLB entries: 4KB 64, 2MB 0, 4MB 0, 1GB 4
[    1.857545] Freeing SMP alternatives memory: 32K (ffffffff820b8000 - ffffffff820c0000)
[    1.908521] ftrace: allocating 32120 entries in 126 pages
[    1.985060] smpboot: APIC(0) Converting physical 0 to logical package 0
[    1.991546] smpboot: Max logical packages: 1
[    1.992659] x2apic enabled
[    1.993538] Switched APIC routing to physical x2apic.
[    1.995710] ..TIMER: vector=0x30 apic1=0 pin1=2 apic2=-1 pin2=-1
[    2.161680] smpboot: CPU0: Intel(R) Core(TM) i5-6200U CPU @ 2.30GHz (family: 0x6, model: 0x4e, stepping: 0x3)
[    2.193052] Performance Events: unsupported p6 CPU model 78 no PMU driver, software events only.
[    2.195847] KVM setup paravirtual spinlock
[    2.198854] x86: Booting SMP configuration:
[    2.276727] .... node  #0, CPUs:      #1
[    2.317732] kvm-clock: cpu 1, msr 0:3ffe3041, secondary cpu clock
[    2.358914] mce: CPU supports 0 MCE banks
[    2.385839] x86: Booted up 1 node, 2 CPUs
[    2.406221] smpboot: Total of 2 processors activated (9599.99 BogoMIPS)
[    2.434345] devtmpfs: initialized
[    2.446058] evm: security.selinux
[    2.468210] evm: security.SMACK64
[    2.468981] evm: security.SMACK64EXEC
[    2.482924] evm: security.SMACK64TRANSMUTE
[    2.483765] evm: security.SMACK64MMAP
[    2.484556] evm: security.ima
[    2.485207] evm: security.capability
[    2.486425] clocksource: jiffies: mask: 0xffffffff max_cycles: 0xffffffff, max_idle_ns: 7645041785100000 ns
[    2.500911] futex hash table entries: 512 (order: 3, 32768 bytes)
[    2.510222] pinctrl core: initialized pinctrl subsystem
[    2.518171] RTC time:  4:11:58, date: 06/02/17
[    2.534175] NET: Registered protocol family 16
[    2.558351] cpuidle: using governor ladder
[    2.597986] cpuidle: using governor menu
[    2.617691] PCCT header not found.
[    2.621621] ACPI: bus type PCI registered
[    2.634984] acpiphp: ACPI Hot Plug PCI Controller Driver version: 0.5
[    2.664654] PCI: Using configuration type 1 for base access
[    2.707060] ACPI: Added _OSI(Module Device)
[    2.723462] ACPI: Added _OSI(Processor Device)
[    2.763556] ACPI: Added _OSI(3.0 _SCP Extensions)
[    2.766753] ACPI: Added _OSI(Processor Aggregator Device)
[    2.768517] ACPI: Executed 1 blocks of module-level executable AML code
[    2.777595] ACPI: Interpreter enabled
[    2.803741] ACPI: (supports S0 S5)
[    2.809778] ACPI: Using IOAPIC for interrupt routing
[    2.810897] PCI: Using host bridge windows from ACPI; if necessary, use "pci=nocrs" and report a bug
[    2.818548] ACPI: PCI Root Bridge [PCI0] (domain 0000 [bus 00-ff])
[    2.827915] acpi PNP0A03:00: _OSC: OS supports [ASPM ClockPM Segments MSI]
[    2.835666] acpi PNP0A03:00: _OSC failed (AE_NOT_FOUND); disabling ASPM
[    2.851911] acpi PNP0A03:00: fail to add MMCONFIG information, can't access extended PCI configuration space under this bridge.
[    2.931311] PCI host bridge to bus 0000:00
[    2.962094] pci_bus 0000:00: root bus resource [io  0x0000-0x0cf7 window]
[    2.993117] pci_bus 0000:00: root bus resource [io  0x0d00-0xffff window]
[    2.994456] pci_bus 0000:00: root bus resource [mem 0x000a0000-0x000bffff window]
[    3.001753] pci_bus 0000:00: root bus resource [mem 0x40000000-0xffdfffff window]
[    3.004843] pci_bus 0000:00: root bus resource [bus 00-ff]
[    3.015318] pci 0000:00:01.1: legacy IDE quirk: reg 0x10: [io  0x01f0-0x01f7]
[    3.019230] pci 0000:00:01.1: legacy IDE quirk: reg 0x14: [io  0x03f6]
[    3.020471] pci 0000:00:01.1: legacy IDE quirk: reg 0x18: [io  0x0170-0x0177]
[    3.026988] pci 0000:00:01.1: legacy IDE quirk: reg 0x1c: [io  0x0376]
[    3.056932] pci 0000:00:07.0: quirk: [io  0x4000-0x403f] claimed by PIIX4 ACPI
[    3.082520] pci 0000:00:07.0: quirk: [io  0x4100-0x410f] claimed by PIIX4 SMB
[    3.107057] ACPI: PCI Interrupt Link [LNKA] (IRQs 5 9 10 *11)
[    3.147158] ACPI: PCI Interrupt Link [LNKB] (IRQs 5 9 10 *11)
[    3.148638] ACPI: PCI Interrupt Link [LNKC] (IRQs 5 9 *10 11)
[    3.150118] ACPI: PCI Interrupt Link [LNKD] (IRQs 5 *9 10 11)
[    3.157000] ACPI: Enabled 2 GPEs in block 00 to 07
[    3.158507] vgaarb: setting as boot device: PCI:0000:00:02.0
[    3.159485] vgaarb: device added: PCI:0000:00:02.0,decodes=io+mem,owns=io+mem,locks=none
[    3.173564] vgaarb: loaded
[    3.174252] vgaarb: bridge control possible 0000:00:02.0
[    3.175794] SCSI subsystem initialized
[    3.188938] ACPI: bus type USB registered
[    3.189883] usbcore: registered new interface driver usbfs
[    3.190950] usbcore: registered new interface driver hub
[    3.197327] usbcore: registered new device driver usb
[    3.198607] PCI: Using ACPI for IRQ routing
[    3.199759] NetLabel: Initializing
[    3.200649] NetLabel:  domain hash size = 128
[    3.201596] NetLabel:  protocols = UNLABELED CIPSOv4
[    3.202593] NetLabel:  unlabeled traffic allowed by default
[    3.203789] amd_nb: Cannot enumerate AMD northbridges
[    3.204821] clocksource: Switched to clocksource kvm-clock
[    3.213644] AppArmor: AppArmor Filesystem Enabled
[    3.260277] pnp: PnP ACPI init
[    3.305426] pnp: PnP ACPI: found 3 devices
[    3.331288] clocksource: acpi_pm: mask: 0xffffff max_cycles: 0xffffff, max_idle_ns: 2085701024 ns
[    3.339550] NET: Registered protocol family 2
[    3.340736] TCP established hash table entries: 8192 (order: 4, 65536 bytes)
[    3.344440] TCP bind hash table entries: 8192 (order: 5, 131072 bytes)
[    3.345867] TCP: Hash tables configured (established 8192 bind 8192)
[    3.352361] UDP hash table entries: 512 (order: 2, 16384 bytes)
[    3.354760] UDP-Lite hash table entries: 512 (order: 2, 16384 bytes)
[    3.434646] NET: Registered protocol family 1
[    3.450652] pci 0000:00:00.0: Limiting direct PCI/PCI transfers
[    3.486516] pci 0000:00:01.0: Activating ISA DMA hang workarounds
[    3.502113] Unpacking initramfs...
[    5.764283] Freeing initrd memory: 10844K (ffff880036ac2000 - ffff880037559000)
[    5.800198] platform rtc_cmos: registered platform RTC device (no PNP device found)
[    5.835062] Scanning for low memory corruption every 60 seconds
[    5.894506] audit: initializing netlink subsys (disabled)
[    5.910987] audit: type=2000 audit(1496376724.133:1): initialized
[    5.912617] Initialise system trusted keyring
[    5.937414] HugeTLB registered 2 MB page size, pre-allocated 0 pages
[    5.956068] zbud: loaded
[    5.962419] VFS: Disk quotas dquot_6.6.0
[    5.963371] VFS: Dquot-cache hash table entries: 512 (order 0, 4096 bytes)
[    5.965059] squashfs: version 4.0 (2009/01/31) Phillip Lougher
[    5.966654] fuse init (API version 7.23)
[    5.967655] Key type big_key registered
[    5.968526] Allocating IMA MOK and blacklist keyrings.
[    5.971052] Key type asymmetric registered
[    5.972986] Asymmetric key parser 'x509' registered
[    6.006740] Block layer SCSI generic (bsg) driver version 0.4 loaded (major 249)
[    6.038121] io scheduler noop registered
[    6.058718] io scheduler deadline registered (default)
[    6.106194] io scheduler cfq registered
[    6.112550] pci_hotplug: PCI Hot Plug PCI Core version: 0.5
[    6.113696] pciehp: PCI Express Hot Plug Controller Driver version: 0.4
[    6.126488] ACPI: AC Adapter [AC] (on-line)
[    6.127463] input: Power Button as /devices/LNXSYSTM:00/LNXPWRBN:00/input/input0
[    6.129152] ACPI: Power Button [PWRF]
[    6.130236] input: Sleep Button as /devices/LNXSYSTM:00/LNXSLPBN:00/input/input1
[    6.166552] ACPI: Sleep Button [SLPF]
[    6.173084] GHES: HEST is not enabled!
[    6.173668] ACPI: Battery Slot [BAT0] (battery present)
[    6.177279] Serial: 8250/16550 driver, 32 ports, IRQ sharing enabled
[    6.218313] 00:02: ttyS0 at I/O 0x3f8 (irq = 4, base_baud = 115200) is a 16550A
[    6.306756] Linux agpgart interface v0.103
[    6.311878] loop: module loaded
[    6.314395] scsi host0: ata_piix
[    6.335297] scsi host1: ata_piix
[    6.336104] ata1: PATA max UDMA/33 cmd 0x1f0 ctl 0x3f6 bmdma 0xd000 irq 14
[    6.337360] ata2: PATA max UDMA/33 cmd 0x170 ctl 0x376 bmdma 0xd008 irq 15
[    6.338833] libphy: Fixed MDIO Bus: probed
[    6.339763] tun: Universal TUN/TAP device driver, 1.6
[    6.340740] tun: (C) 1999-2004 Max Krasnyansky <maxk@qualcomm.com>
[    6.342025] PPP generic driver version 2.4.2
[    6.342976] ehci_hcd: USB 2.0 'Enhanced' Host Controller (EHCI) Driver
[    6.359487] ehci-pci: EHCI PCI platform driver
[    6.360398] ehci-platform: EHCI generic platform driver
[    6.361360] ohci_hcd: USB 1.1 'Open' Host Controller (OHCI) Driver
[    6.362466] ohci-pci: OHCI PCI platform driver
[    6.363337] ohci-platform: OHCI generic platform driver
[    6.364316] uhci_hcd: USB Universal Host Controller Interface driver
[    6.383318] i8042: PNP: PS/2 Controller [PNP0303:PS2K,PNP0f03:PS2M] at 0x60,0x64 irq 1,12
[    6.545349] serio: i8042 KBD port at 0x60,0x64 irq 1
[    6.585954] serio: i8042 AUX port at 0x60,0x64 irq 12
[    6.609387] mousedev: PS/2 mouse device common for all mice
[    6.626593] input: AT Translated Set 2 keyboard as /devices/platform/i8042/serio0/input/input2
[    6.748571] rtc_cmos rtc_cmos: rtc core: registered rtc_cmos as rtc0
[    6.899167] rtc_cmos rtc_cmos: alarms up to one day, 114 bytes nvram
[    6.899380] tsc: Refined TSC clocksource calibration: 2399.070 MHz
[    6.899381] clocksource: tsc: mask: 0xffffffffffffffff max_cycles: 0x2294c8eb442, max_idle_ns: 440795313145 ns
[    6.940791] i2c /dev entries driver
[    6.945244] device-mapper: uevent: version 1.0.3
[    6.955478] device-mapper: ioctl: 4.34.0-ioctl (2015-10-28) initialised: dm-devel@redhat.com
[    7.055397] ledtrig-cpu: registered to indicate activity on CPUs
[    7.062488] NET: Registered protocol family 10
[    7.066605] NET: Registered protocol family 17
[    7.067604] Key type dns_resolver registered
[    7.068781] microcode: CPU0 sig=0x406e3, pf=0x2, revision=0x0
[    7.070038] microcode: CPU1 sig=0x406e3, pf=0x2, revision=0x0
[    7.075838] microcode: Microcode Update Driver: v2.01 <tigran@aivazian.fsnet.co.uk>, Peter Oruba
[    7.088517] registered taskstats version 1
[    7.106814] Loading compiled-in X.509 certificates
[    7.125935] Loaded X.509 cert 'Build time autogenerated kernel key: 779fd75203f0d36b99b83c7328fac831ec7adf9e'
[    7.127822] zswap: loaded using pool lzo/zbud
[    7.130675] Key type trusted registered
[    7.158630] Key type encrypted registered
[    7.334926] AppArmor: AppArmor sha1 policy hashing enabled
[    7.356455] ima: No TPM chip found, activating TPM-bypass!
[    7.358539] evm: HMAC attrs: 0x1
[    7.359597]   Magic number: 5:187:160
[    7.360427] vc vcs1: hash matches
[    7.361262] rtc_cmos rtc_cmos: setting system clock to 2017-06-02 04:12:02 UTC (1496376722)
[    7.363100] BIOS EDD facility v0.16 2004-Jun-25, 0 devices found
[    7.364272] EDD information not available.
[    7.366585] Freeing unused kernel memory: 1484K (ffffffff81f45000 - ffffffff820b8000)
[    7.373130] Write protecting the kernel read-only data: 14336k
[    7.376499] Freeing unused kernel memory: 1760K (ffff880001848000 - ffff880001a00000)
[    7.379556] Freeing unused kernel memory: 112K (ffff880001de4000 - ffff880001e00000)
Loading, please wait...
starting version[    7.396357] random: systemd-udevd: uninitialized urandom read (16 bytes read, 3 bits of entropy available)
 229
[    7.397076] random: udevadm: uninitialized urandom read (16 bytes read, 3 bits of entropy available)
[    7.397111] random: udevadm: uninitialized urandom read (16 bytes read, 3 bits of entropy available)
[    7.397216] random: udevadm: uninitialized urandom read (16 bytes read, 3 bits of entropy available)
[    7.397264] random: udevadm: uninitialized urandom read (16 bytes read, 3 bits of entropy available)
[    7.397302] random: udevadm: uninitialized urandom read (16 bytes read, 3 bits of entropy available)
[    7.397340] random: udevadm: uninitialized urandom read (16 bytes read, 3 bits of entropy available)
[    7.397388] random: udevadm: uninitialized urandom read (16 bytes read, 3 bits of entropy available)
[    7.397434] random: udevadm: uninitialized urandom read (16 bytes read, 3 bits of entropy available)
[    7.397469] random: udevadm: uninitialized urandom read (16 bytes read, 3 bits of entropy available)
[    7.799732] e1000: Intel(R) PRO/1000 Network Driver - version 7.3.21-k8-NAPI
[    7.839718] e1000: Copyright (c) 1999-2006 Intel Corporation.
[    7.865714] Fusion MPT base driver 3.04.20
[    7.869893] Copyright (c) 1999-2008 LSI Corporation
[    7.891942] AVX version of gcm_enc/dec engaged.
[    7.905127] AES CTR mode by8 optimization enabled
[    7.909297] Fusion MPT SPI Host driver 3.04.20
[    8.078841] input: ImExPS/2 Generic Explorer Mouse as /devices/platform/i8042/serio1/input/input4
[    8.245221] e1000 0000:00:03.0 eth0: (PCI:33MHz:32-bit) 02:07:98:91:28:34
[    8.294999] e1000 0000:00:03.0 eth0: Intel(R) PRO/1000 Network Connection
[    8.687153] e1000 0000:00:08.0 eth1: (PCI:33MHz:32-bit) 08:00:27:10:27:30
[    8.745418] e1000 0000:00:08.0 eth1: Intel(R) PRO/1000 Network Connection
[    8.785913] e1000 0000:00:03.0 enp0s3: renamed from eth0
[    8.818530] mptbase: ioc0: Initiating bringup
[    8.829343] e1000 0000:00:08.0 enp0s8: renamed from eth1
[    8.881130] ioc0: LSI53C1030 A0: Capabilities={Initiator}
[    9.067483] scsi host2: ioc0: LSI53C1030 A0, FwRev=00000000h, Ports=1, MaxQ=256, IRQ=20
[    9.238702] scsi 2:0:0:0: Direct-Access     VBOX     HARDDISK         1.0  PQ: 0 ANSI: 5
[    9.254808] scsi target2:0:0: Beginning Domain Validation
[    9.273092] scsi target2:0:0: Domain Validation skipping write tests
[    9.315766] scsi target2:0:0: Ending Domain Validation
[    9.317562] scsi target2:0:0: asynchronous
[    9.356530] scsi 2:0:1:0: Direct-Access     VBOX     HARDDISK         1.0  PQ: 0 ANSI: 5
[    9.368376] scsi target2:0:1: Beginning Domain Validation
[    9.375603] scsi target2:0:1: Domain Validation skipping write tests
[    9.385721] scsi target2:0:1: Ending Domain Validation
[    9.441908] scsi target2:0:1: asynchronous
[    9.451645] sd 2:0:0:0: Attached scsi generic sg0 type 0
[    9.458314] sd 2:0:0:0: [sda] 20971520 512-byte logical blocks: (10.7 GB/10.0 GiB)
[    9.458653] sd 2:0:1:0: Attached scsi generic sg1 type 0
[    9.458813] sd 2:0:1:0: [sdb] 20480 512-byte logical blocks: (10.5 MB/10.0 MiB)
[    9.458939] sd 2:0:1:0: [sdb] Write Protect is off
[    9.459040] sd 2:0:1:0: [sdb] Incomplete mode parameter data
[    9.459041] sd 2:0:1:0: [sdb] Assuming drive cache: write through
[    9.484633] sd 2:0:1:0: [sdb] Attached SCSI disk
[    9.634835] sd 2:0:0:0: [sda] Write Protect is off
[    9.701177] sd 2:0:0:0: [sda] Incomplete mode parameter data
[    9.702612] sd 2:0:0:0: [sda] Assuming drive cache: write through
[    9.841072]  sda: sda1
[    9.857966] sd 2:0:0:0: [sda] Attached SCSI disk
[   10.937802] floppy0: no floppy controllers found
Begin: Loading e[   12.404086] md: linear personality registered for level -1
ssential drivers ... [   12.415568] md: multipath personality registered for level -4
[   12.428790] md: raid0 personality registered for level 0
[   12.432612] md: raid1 personality registered for level 1
[   12.508908] raid6: sse2x1   gen()  5722 MB/s
[   12.588913] raid6: sse2x1   xor()  3845 MB/s
[   12.668846] raid6: sse2x2   gen()  7174 MB/s
[   12.744856] raid6: sse2x2   xor()  6069 MB/s
[   12.828845] raid6: sse2x4   gen()  8734 MB/s
[   12.976842] raid6: sse2x4   xor()  6382 MB/s
[   12.982978] raid6: using algorithm sse2x4 gen() 8734 MB/s
[   12.983968] raid6: .... xor() 6382 MB/s, rmw enabled
[   12.986043] raid6: using ssse3x2 recovery algorithm
[   12.994088] xor: automatically using best checksumming function:
[   13.064374]    avx       : 39534.000 MB/sec
[   13.076485] async_tx: api initialized (async)
[   13.092194] md: raid6 personality registered for level 6
[   13.106377] md: raid5 personality registered for level 5
[   13.107347] md: raid4 personality registered for level 4
[   13.113995] md: raid10 personality registered for level 10
done.
Begin: Running /scripts/init-premount ... done.
Begin: Mounting root file system ... Begin: Running /scripts/local-top ... done.
Begin: Running /scripts/local-premount ... [   13.158945] Btrfs loaded
Scanning for Btrfs filesystems
done.
Warning: fsck not present, so skipping root file system
[   13.271753] EXT4-fs (sda1): mounted filesystem with ordered data mode. Opts: (null)
done.
Begin: Running /scripts/local-bottom ... done.
Begin: Running /scripts/init-bottom ... done.
[   13.798873] random: nonblocking pool is initialized
[   13.902216] systemd[1]: systemd 229 running in system mode. (+PAM +AUDIT +SELINUX +IMA +APPARMOR +SMACK +SYSVINIT +UTMP +LIBCRYPTSETUP +GCRYPT +GNUTLS +ACL +XZ -LZ4 +SECCOMP +BLKID +ELFUTILS +KMOD -IDN)
[   13.929505] systemd[1]: Detected virtualization oracle.
[   13.931416] systemd[1]: Detected architecture x86-64.

Welcome to [1mUbuntu 16.04.2 LTS[0m!

[   13.986071] systemd[1]: Set hostname to <ubuntu>.
[   14.013473] systemd[1]: Initializing machine ID from random generator.
[   14.038481] systemd[1]: Installed transient /etc/machine-id file.
[   15.011596] systemd[1]: Started Trigger resolvconf update for networkd DNS.
[[0;32m  OK  [0m] Started Trigger resolvconf update for networkd DNS.
[   15.053298] systemd[1]: Set up automount Arbitrary Executable File Formats File System Automount Point.
[[0;32m  OK  [0m] Set up automount Arbitrary Executab...ats File System Automount Point.
[   15.080455] systemd[1]: Created slice System Slice.
[[0;32m  OK  [0m] Created slice System Slice.
[   15.082489] systemd[1]: Reached target Swap.
[[0;32m  OK  [0m] Reached target Swap.
[   15.105127] systemd[1]: Listening on udev Control Socket.
[[0;32m  OK  [0m] Listening on udev Control Socket.
[   15.144945] systemd[1]: Listening on /dev/initctl Compatibility Named Pipe.
[[0;32m  OK  [0m] Listening on /dev/initctl Compatibility Named Pipe.
[   15.147324] systemd[1]: Reached target Encrypted Volumes.
[[0;32m  OK  [0m] Reached target Encrypted Volumes.
[   15.185997] systemd[1]: Listening on Journal Socket.
[[0;32m  OK  [0m] Listening on Journal Socket.
[   15.277115] systemd[1]: Starting Create list of required static device nodes for the current kernel...
         Starting Create list of required st... nodes for the current kernel...
[   15.310206] systemd[1]: Starting Set console keymap...
         Starting Set console keymap...
[   15.360665] systemd[1]: Started Forward Password Requests to Wall Directory Watch.
[[0;32m  OK  [0m] Started Forward Password Requests to Wall Directory Watch.
[   15.394114] systemd[1]: Listening on LVM2 poll daemon socket.
[[0;32m  OK  [0m] Listening on LVM2 poll daemon socket.
[   15.470284] systemd[1]: Starting Uncomplicated firewall...
         Starting Uncomplicated firewall...
[   15.505058] systemd[1]: Created slice system-serial\x2dgetty.slice.
[[0;32m  OK  [0m] Created slice system-serial\x2dgetty.slice.
[   15.557792] systemd[1]: Starting Nameserver information manager...
         Starting Nameserver information manager...
[   15.587340] systemd[1]: Listening on udev Kernel Socket.
[[0;32m  OK  [0m] Listening on udev Kernel Socket.
[   15.600765] systemd[1]: Mounting POSIX Message Queue File System...
         Mounting POSIX Message Queue File System...
[   15.717150] systemd[1]: Starting Load Kernel Modules...
         Starting Load Kernel Modules...
[   15.770892] systemd[1]: Created slice User and Session Slice.
[[0;32m  OK  [0m] Created slice User and Session Slice.
[   15.817892] Loading iSCSI transport class v2.0-870.
[   15.924755] systemd[1]: Listening on Journal Audit Socket.
[[0;32m  OK  [0m] Listening on [   15.955195] iscsi: registered transport (tcp)
Journal Audit Socket.
[   16.049167] systemd[1]: Listening on Device-mapper event daemon FIFOs.
[[0;32m  OK  [0m] Listening on Device-mapper event daemon FIFOs.
[   16.133171] systemd[1]: Listening on Journal Socket (/dev/log).
[[0;32m  OK  [0m] Listening on Journal Socket (/dev/log).
[   16.135535] systemd[1]: Listening on Syslog Socket.
[[0;32m  OK  [0m] Listening on Syslog Socket.
[   16.152910] iscsi: registered transport (iser)
[   16.173856] systemd[1]: Starting Journal Service...
         Starting Journal Service...
[   16.261064] systemd[1]: Mounting Debug File System...
         Mounting Debug File System...
[   16.282764] systemd[1]: Starting Remount Root and Kernel File Systems...
         Starting Remount Root a[   16.289615] EXT4-fs (sda1): re-mounted. Opts: (null)
nd Kernel File Systems...
[   16.349096] systemd[1]: Reached target Slices.
[[0;32m  OK  [0m] Reached target Slices.
[   16.465054] systemd[1]: Mounting Huge Pages File System...
         Mounting Huge Pages File System...
[   16.586347] systemd[1]: Listening on LVM2 metadata daemon socket.
[[0;32m  OK  [0m] Listening on LVM2 metadata daemon socket.
[   16.606887] systemd[1]: Starting Monitoring of LVM2 mirrors, snapshots etc. using dmeventd or progress polling...
         Starting Monitoring of LVM2 mirrors... dmeventd or progress polling...
[   16.617681] systemd[1]: Reached target User and Group Name Lookups.
[[0;32m  OK  [0m] Reached target User and Group Name Lookups.
[   16.623400] systemd[1]: Mounted POSIX Message Queue File System.
[[0;32m  OK  [0m] Mounted POSIX Message Queue File System.
[   16.626917] systemd[1]: Mounted Debug File System.
[[0;32m  OK  [0m] Mounted Debug File System.
[   16.657969] systemd[1]: Mounted Huge Pages File System.
[[0;32m  OK  [0m] Mounted Huge Pages File System.
[   16.737279] systemd[1]: Started Journal Service.
[[0;32m  OK  [0m] Started Journal Service.
[[0;32m  OK  [0m] Started Create list of required sta...ce nodes for the current kernel.
[[0;32m  OK  [0m] Started Set console keymap.
[[0;32m  OK  [0m] Started Uncomplicated firewall.
[[0;32m  OK  [0m] Started Load Kernel Modules.
[[0;32m  OK  [0m] Started Remount Root and Kernel File Systems.
[[0;32m  OK  [0m] Started Nameserver information manager.
[[0;32m  OK  [0m] Started LVM2 metadata daemon.
         Starting udev Coldplug all Devices...
         Starting Load/Save Random Seed...
         Starting Initial cloud-init job (pre-networking)...
         Mounting FUSE Control File System...
         Starting Apply Kernel Variables...
         Starting Create Static Device Nodes in /dev...
         Starting Flush Journal to Persistent Storage...
[[0;32m  OK  [0m] Mounted FUSE Control File System.
[[0;32m  OK  [0m] Started Load/Save Random Seed.
[[0;32m  OK  [0m] Started udev Coldplug all Devices.
[   17.638835] systemd-journald[396]: Received request to flush runtime journal from PID 1
[[0;32m  OK  [0m] Started Monitoring of LVM2 mirrors,...ng dmeventd or progress polling.
[[0;32m  OK  [0m] Started Flush Journal to Persistent Storage.
[[0;32m  OK  [0m] Started Apply Kernel Variables.
[[0;32m  OK  [0m] Started Create Static Device Nodes in /dev.
         Starting udev Kernel Device Manager...
[[0;32m  OK  [0m] Started udev Kernel Device Manager.
[[0;32m  OK  [0m] Reached target Local File Systems (Pre).
[[0;32m  OK  [0m] Reached target Local File Systems.
         Starting Commit a transient machine-id on disk...
         Starting LSB: AppArmor initialization...
         Starting Tell Plymouth To Write Out Runtime Data...
         Starting Create Volatile Files and Directories...
         Starting Set console font and keymap...
[[0;32m  OK  [0m] Started Dispatch Password Requests to Console Directory Watch.
[[0;32m  OK  [0m] Started Commit a transient machine-id on disk.
[[0;32m  OK  [0m] Started Tell Plymouth To Write Out Runtime Data.
[[0;32m  OK  [0m] Found device /dev/ttyS0.
[[0;32m  OK  [0m] Started Create Volatile Files and Directories.
         Starting Update UTMP about System Boot/Shutdown...
[[0;32m  OK  [0m] Reached target System Time Synchronized.
[[0;32m  OK  [0m] Started Update UTMP about System Boot/Shutdown.
[[0;32m  OK  [0m] Started Set console font and keymap.
[[0;32m  OK  [0m] Created slice system-getty.slice.
[[0;32m  OK  [0m] Listening on Load/Save RF Kill Switch Status /dev/rfkill Watch.
[[0;32m  OK  [0m] Started LSB: AppArmor initialization.
[   22.706822] cloud-init[434]: Cloud-init v. 0.7.9 running 'init-local' at Fri, 02 Jun 2017 04:12:18 +0000. Up 21.13 seconds.
[[0;32m  OK  [0m] Started Initial cloud-init job (pre-networking).
[[0;32m  OK  [0m] Reached target Network (Pre).
         Starting Raise network interfaces...
[[0;32m  OK  [0m] Started Raise network interfaces.
         Starting Initial cloud-init job (metadata service crawler)...
[[0;32m  OK  [0m] Reached target Network.
[   25.941696] cloud-init[941]: Cloud-init v. 0.7.9 running 'init' at Fri, 02 Jun 2017 04:12:21 +0000. Up 23.81 seconds.
[   25.972478] cloud-init[941]: ci-info: +++++++++++++++++++++++++++++++++++++Net device info++++++++++++++++++++++++++++++++++++++
[   25.995095] cloud-init[941]: ci-info: +--------+-------+---------------------------+---------------+-------+-------------------+
[   26.005162] [cloud-init[0;32m  OK  [0m[941]: ] ci-info: | Device |   Up  |          Address          |      Mask     | Scope |     Hw-Address    |Started Initial cloud-init job (metadata service crawler).

[   26.005585] cloud-init[941]: ci-info: +--------+-------+---------------------------+---------------+-------+-------------------+
[   26.058100] [cloud-init[0;32m  OK  [0m[941]: ] ci-info: | enp0s8 | False |             .             |       .       |   .   | 08:00:27:10:27:30 |Reached target Cloud-config availability.

[   26.095272] [cloud-init[0;32m  OK  [0m[941]: ] ci-info: | enp0s3 |  True |         10.0.2.15         | 255.255.255.0 |   .   | 02:07:98:91:28:34 |Reached target Network is Online.

[   26.108717]          cloud-initStarting iSCSI initiator daemon (iscsid)...[941]: 
ci-info: | enp0s3 |  True | fe80::7:98ff:fe91:2834/64 |       .       |  link | 02:07:98:91:28:34 |
[   26.167259] [cloud-init[0;32m  OK  [0m[941]: ] ci-info: |   lo   |  True |         127.0.0.1         |   255.0.0.0   |   .   |         .         |Reached target System Initialization.

[[0;32m  OK  [0m] Started ACPI Events Check.
[[0;32m  OK  [0m] Reached target Paths.
[[0;32m  OK  [0m] Listening on ACPID Listen Socket.
[[0;32m  OK  [0m] Listening on D-Bus System Message Bus Socket.
         Starting Socket activation for snappy daemon.
[[0;32m  OK  [0m] Started Timer to automatically refresh installed snaps.
[[0;32m  OK  [0m] Started Daily apt activities.
[[0;32m  OK  [0m] Started Daily Cleanup of Temporary Directories.
[[0;32m  OK  [0m] Reached target Timers.
[   26.199993] cloud-init[941]: ci-info: |   lo   |  True |          ::1/128          |       .       |  host |         .         |
[   26.228366]          Starting LXD - unix socket.
[[0;32m  OK  [0m] Listening on UUID daemon activation socket.
cloud-init[941]: ci-info: +--------+-------+---------------------------+---------------+-------+-------------------+
[   26.260300] [cloud-init[0;32m  OK  [0m[941]: ] ci-info: +++++++++++++++++++++++++++Route IPv4 info++++++++++++++++++++++++++++Listening on Socket activation for snappy daemon.

[[0;32m  OK  [0m] Listening on LXD - unix socket.
[   26.260991] cloud-init[941]: ci-info: +-------+-------------+----------+---------------+-----------+-------+
[   26.346161] [cloud-init[0;32m  OK  [0m[941]: ] ci-info: | Route | Destination | Gateway  |    Genmask    | Interface | Flags |Started iSCSI initiator daemon (iscsid).

[   26.346681] cloud-init[941]: ci-info: +-------+-------------+----------+---------------+-----------+-------+
[   26.397917] cloud-init[941]: ci-info: |   0   |   0.0.0.0   | 10.0.2.2 |    0.0.0.0    |   enp0s3  |   UG  |
[   26.409517]          cloud-initStarting Login to default iSCSI targets...[941]: 
ci-info: |   1   |   10.0.2.0  | 0.0.0.0  | 255.255.255.0 |   enp0s3  |   U   |
[   26.498002] [cloud-init[0;32m  OK  [0m[941]: ] ci-info: +-------+-------------+----------+---------------+-----------+-------+Reached target Sockets.

[   26.498729] [cloud-init[0;32m  OK  [0m[941]: ] Generating public/private rsa key pair.Reached target Basic System.

[   26.586084] [cloud-init[0;32m  OK  [0m[941]: ] Your identification has been saved in /etc/ssh/ssh_host_rsa_key.Started D-Bus System Message Bus.

[   26.594275] cloud-init[941]: Your public key has been saved in /etc/ssh/ssh_host_rsa_key.pub.
[   26.608975] cloud-init[941]: The key fingerprint is:
[   26.617764] cloud-init[941]: SHA256:beny4DWO5X3Qra3dxtf0HI0Bbr1yr/TCeSNPgM20vWE root@ubuntu-xenial
[   26.636235] cloud-init[941]: The key's randomart image is:
[   26.648043] cloud-init[941]: +---[RSA 2048]----+
[   26.650306] cloud-init[941]: |                 |
[   26.680263] cloud-init[941]: |            .    |
[   26.687549] cloud-init[941]: |           . +   |
[   26.693228] cloud-init[941]: |         . .B =  |
         Starting /etc/rc.local Compatibility...
[   26.696811] cloud-init[941]: |        S +o * E.|
[   26.740263] cloud-init[941]: |         o  o B.*|
[   26.743319] cloud-init[941]: |        o =  =.@+|
[   26.745212] cloud-init[941]: |       . X o oB+%|
[   26.756887] cloud-init[[941]: [0;32m  OK  [0m|        o + ..=B*|] 
Started FUSE filesystem for LXC.
[   26.757258] cloud-init[941]: +----[SHA256]-----+
[   26.780377] cloud-init[941]: Generating public/private dsa key pair.
[   26.800314] [cloud-init[0;32m  OK  [0m[941]: ] Your identification has been saved in /etc/ssh/ssh_host_dsa_key.Started ACPI event daemon.

[   26.800871] cloud-init[941]: Your public key has been saved in /etc/ssh/ssh_host_dsa_key.pub.
[   26.898730] cloud-init[941]: The key fingerprint is:
[   26.900773] cloud-init[941]: SHA256:wIVGByF9awb0OiKyoWwkx63jUEKH7/2TbFFBAZthYlU root@ubuntu-xenial
[   26.932410] [cloud-init[0;32m  OK  [0m[941]: ] The key's randomart image is:Started Regular background program processing daemon.

[   27.048368] cloud-init[941]: +---[DSA 1024]----+
[   27.076291]          cloud-initStarting LSB: Record successful boot for GRUB...[941]: 
|    .**O*E.      |
[   27.076795] cloud-init[941]: |  . .oB+=.       |
[   27.102373] cloud-init[941]: | o . .o=...      |
[   27.104575] cloud-init[941]: |..o.   o+.       |
[   27.140324]          Starting Pollinate to seed the pseudo random number generator...
cloud-init[941]: |=.=.o ooS        |
[   27.154771] [cloud-init[0;32m  OK  [0m[941]: ] |=B.o.. o         |Started Unattended Upgrades Shutdown.

[   27.155204] cloud-init[941]: |+oo. .. o        |
[   27.186713] cloud-init[941]: |.o .  .=         |
         Starting LXD - container startup/shutdown...
         Starting Accounts Service...
[   27.199709] cloud-init[941]: |  .   ...        |
[   27.244213] cloud-init[941]: +----[SHA256]-----+
         Starting System Logging Service...
[   27.259639] cloud-init[941]: Generating public/private ecdsa key pair.
[   27.286259] cloud-init[941]: Your identification has been saved in /etc/ssh/ssh_host_ecdsa_key.
[   27.308519] [cloud-init[0;32m  OK  [0m[941]: ] Your public key has been saved in /etc/ssh/ssh_host_ecdsa_key.pub.Started Deferred execution scheduler.

[   27.309037] cloud-init[941]: The key fingerprint is:
[   27.387062] cloud-init[941]: SHA256:6ry474M+Ga05otRr+8BUrZGiH9B8WQarVXmF1VE5heo root@ubuntu-xenial
[   27.395731] cloud-init[941]: The key's randomart image is:
[   27.396931] cloud-init[941]: +---[ECDSA 256]---+
[   27.397888] cloud-init[941]: |     ..+. +o..oo+|
[   27.398868] cloud-init[941]: |  o   O. o   ..o |
[   27.400894] cloud-init[941]: | . + O ..    .  .|
[   27.402846] cloud-init[941]: |  o * o     .    |
[   27.406210]          Starting LSB: MD monitoring daemon...
cloud-init[941]:          Starting Apply the settings specified in cloud-config...
         Starting Login Service...
| . + o  S  .     |
[   27.428363] cloud-init[941]: |  = o ..    E    |
[   27.440556] cloud-init[941]: | . = *.          |
[   27.448404] cloud-init[941]: |. ..X+.          |
[   27.464478] cloud-init[941]: |...=*B*o         |
[   27.471063] cloud-init[941]: +----[SHA256]-----+
[   27.484408] cloud-init[941]: Generating public/private ed25519 key pair.
[   27.491020] cloud-init[941]: Your identification has been saved in /etc/ssh/ssh_host_ed25519_key.
[[0;32m  OK  [0m] Started Snappy daemon.
[   27.578222] cloud-init[941]: Your public key has been saved in /etc/ssh/ssh_host_ed25519_key.pub.
[   27.648438]          cloud-initStarting Auto import assertions from block devices...[941]: 
The key fingerprint is:
[   27.696604] [cloud-init[0;32m  OK  [0m[941]: ] SHA256:XjNu+wAhyNWCRVb1dH3l3LmCK01uQV/yudxE5JXe9Ug root@ubuntu-xenialStarted /etc/rc.local Compatibility.

[   27.696923] [cloud-init[0;32m  OK  [0m[941]: ] The key's randomart image is:Started Auto import assertions from block devices.

[[0;32m  OK  [0m] Started System Logging Service.
[   27.730736] cloud-init[941]: +--[ED25519 256]--+
[   27.795932] cloud-init[941]: |     +=o... . ..*|
[   27.826673] [cloud-init[0;32m  OK  [0m[941]: ] |   ..+. .  o .E*B|Started Login Service.

[   27.852670] cloud-init[941]: |    o ...  ..o.+@|
[   27.855180] cloud-init[941]: |       . .. o =o=|
[   27.872375] cloud-init[941]: |        S ++ o +.|
[[0;32m  OK  [0m] Started LSB: Record successful boot for GRUB.
[   27.890700] cloud-init[941]: |       . ++oo o.o|
[   27.953131] cloud-init[941]: |        ..+=   o.|
[   27.962766] cloud-init[941]: |         .oo     |
[   27.976760] cloud-init[941]: |          ...    |
[   27.987407] cloud-init[941]: +----[SHA256]-----+
[[0;32m  OK  [0m] Started Login to default iSCSI targets.
[[0;32m  OK  [0m] Reached target Remote File Systems (Pre).
[[0;32m  OK  [0m] Reached target Remote File Systems.
         Starting LSB: automatic crash report generation...
         Starting LSB: Set the CPU Frequency Scaling governor to "ondemand"...
         Starting LSB: VirtualBox Linux Additions...
         Starting LSB: daemon to balance interrupts for SMP systems...
         Starting Permit User Sessions...
[[0;32m  OK  [0m] Started LSB: Set the CPU Frequency Scaling governor to "ondemand".
[[0;32m  OK  [0m] Started Permit User Sessions.
         Starting Terminate Plymouth Boot Screen...
         Starting Hold until boot process finishes up...
[[0;32m  OK  [0m] Started LSB: MD monitoring daemon.
[[0;32m  OK  [0m] Started Terminate Plymouth Boot Screen.
[[0;32m  OK  [0m] Started Hold until boot process finishes up.
[   28.521237] cloud-init[1086]: Generating locales (this might take a while)...
[[0;32m  OK  [0m] Started Serial Getty on ttyS0.
         Starting Set console scheme...
[[0;32m  OK  [0m] Started Getty on tty1.
[[0;32m  OK  [0m] Reached target Login Prompts.
[[0;32m  OK  [0m] Started LSB: automatic crash report generation.
[[0;32m  OK  [0m] Started LSB: daemon to balance interrupts for SMP systems.
[[0;32m  OK  [0m] Started Set console scheme.
         Starting Authenticate and Authorize Users to Run Privileged Tasks...
[[0;32m  OK  [0m] Started Authenticate and Authorize Users to Run Privileged Tasks.
[[0;32m  OK  [0m] Started LSB: VirtualBox Linux Additions.
[[0;32m  OK  [0m] Started Accounts Service.
[[0;32m  OK  [0m] Started LXD - container startup/shutdown.
[   30.921221] cloud-init[1086]:   en_US.UTF-8... done
[   30.928718] cloud-init[1086]: Generation complete.
[[0;32m  OK  [0m] Started Pollinate to seed the pseudo random number generator.
         Starting OpenBSD Secure Shell server...
[[0;32m  OK  [0m] Started OpenBSD Secure Shell server.
[[0;32m  OK  [0m] Reached target Multi-User System.
[[0;32m  OK  [0m] Reached target Graphical Interface.
         Starting Update UTMP about System Runlevel Changes...
[[0;32m  OK  [0m] Started Update UTMP about System Runlevel Changes.
         Stopping OpenBSD Secure Shell server...
[[0;32m  OK  [0m] Stopped OpenBSD Secure Shell server.
         Starting OpenBSD Secure Shell server...
[[0;32m  OK  [0m] Started OpenBSD Secure Shell server.
[[0;32m  OK  [0m] Created slice User Slice of ubuntu.
         Starting User Manager for UID 1000...
[[0;32m  OK  [0m] Started Session 1 of user ubuntu.
[[0;32m  OK  [0m] Started User Manager for UID 1000.
[   33.342782] cloud-init[1086]: Cloud-init v. 0.7.9 running 'modules:config' at Fri, 02 Jun 2017 04:12:25 +0000. Up 27.85 seconds.
[[0;32m  OK  [0m] Started Apply the settings specified in cloud-config.
         Starting Execute cloud user/final scripts...
ci-info: no authorized ssh keys fingerprints found for user ubuntu.
<14>Jun  2 04:12:31 ec2: 
<14>Jun  2 04:12:31 ec2: #############################################################
<14>Jun  2 04:12:31 ec2: -----BEGIN SSH HOST KEY FINGERPRINTS-----
<14>Jun  2 04:12:31 ec2: 1024 SHA256:wIVGByF9awb0OiKyoWwkx63jUEKH7/2TbFFBAZthYlU root@ubuntu-xenial (DSA)
<14>Jun  2 04:12:31 ec2: 256 SHA256:6ry474M+Ga05otRr+8BUrZGiH9B8WQarVXmF1VE5heo root@ubuntu-xenial (ECDSA)
<14>Jun  2 04:12:31 ec2: 256 SHA256:XjNu+wAhyNWCRVb1dH3l3LmCK01uQV/yudxE5JXe9Ug root@ubuntu-xenial (ED25519)
<14>Jun  2 04:12:31 ec2: 2048 SHA256:beny4DWO5X3Qra3dxtf0HI0Bbr1yr/TCeSNPgM20vWE root@ubuntu-xenial (RSA)
<14>Jun  2 04:12:31 ec2: -----END SSH HOST KEY FINGERPRINTS-----
<14>Jun  2 04:12:31 ec2: #############################################################
-----BEGIN SSH HOST KEY KEYS-----
ecdsa-sha2-nistp256 AAAAE2VjZHNhLXNoYTItbmlzdHAyNTYAAAAIbmlzdHAyNTYAAABBBEUX8oQD4q+YzyXhXTD54RtGZLwnqpakX/FmzHw67UJ3GCEwjQ+bIQ2Xdtyz2Og2xMVyaqg1fqbYX0mTCidq4GY= root@ubuntu-xenial
ssh-ed25519 AAAAC3NzaC1lZDI1NTE5AAAAIIbKc8iS4dEfy960uhn954xPedKMQsDeRrj6PSK42Ghv root@ubuntu-xenial
ssh-rsa AAAAB3NzaC1yc2EAAAADAQABAAABAQDoEbIBgM45hjsOoX9Hn4iEW3uWBSscOlM2K4Ns38bJMtbEG50+zN8FMX8PlKpM0yp/80AuF8+WJOuCQ5X4C2LLfS8Jq4Mj0G1nCEep/jyeWltkCjV2sCxGBpj2uKuRVroy3qZxRC0MG59+wzx+za5SP0qCggrNk3FHUJWgEUcfrYph07dzJr8+QPELpcbRdmUUa5zzHlkntYAO6i2SqBtuhhRAqjrnal+kPP+wrBpqs5/+34jAlfyGLzR2a8KvkWf/HXGU12J3RlQ4hVcfd/LL59FcoPKbD0Oa3G1UxOW1UdwMp/SqXFK345kacxoq2poPmqVF6b6ohDZibkmvSWA5 root@ubuntu-xenial
-----END SSH HOST KEY KEYS-----
[   34.013165] cloud-init[1371]: Cloud-init v. 0.7.9 running 'modules:final' at Fri, 02 Jun 2017 04:12:31 +0000. Up 33.75 seconds.
[   34.013397] cloud-init[1371]: ci-info: no authorized ssh keys fingerprints found for user ubuntu.
[   34.013531] cloud-init[1371]: Cloud-init v. 0.7.9 finished at Fri, 02 Jun 2017 04:12:31 +0000. Datasource DataSourceNoCloud [seed=/dev/sdb][dsmode=net].  Up 33.99 seconds

Ubuntu 16.04.2 LTS ubuntu-xenial ttyS0

ubuntu-xenial login: 